# JRE version: OpenJDK Runtime Environment Temurin-17.0.6+10 (17.0.6+10) (build 17.0.6+10)
# Java VM: OpenJDK 64-Bit Server VM Temurin-17.0.6+10 (17.0.6+10, mixed mode, emulated-client, tiered, compressed oops, compressed class ptrs, g1 gc, windows-amd64)
GC Precious Log:
 CPUs: 4 total, 4 available
 Memory: 3956M
 Large Page Support: Disabled
 NUMA Support: Disabled
 Compressed Oops: Enabled (32-bit)
 Heap Region Size: 1M
 Heap Min Capacity: 8M
 Heap Initial Capacity: 62M
 Heap Max Capacity: 990M
 Pre-touch: Disabled
 Parallel Workers: 4
 Concurrent Workers: 1
 Concurrent Refinement Workers: 4
 Periodic GC: Disabled
Heap:
 garbage-first heap   total 122880K, used 38130K [0x00000000c2200000, 0x0000000100000000)
  region size 1024K, 1 young (1024K), 1 survivors (1024K)
 Metaspace       used 86880K, committed 87424K, reserved 1130496K
  class space    used 11362K, committed 11648K, reserved 1048576K
GC Heap History (20 events):
Event: 2115.261 GC heap after
{Heap after GC invocations=77 (full 5):
 garbage-first heap   total 272384K, used 45700K [0x00000000c2200000, 0x0000000100000000)
  region size 1024K, 4 young (4096K), 4 survivors (4096K)
 Metaspace       used 86463K, committed 87040K, reserved 1130496K
  class space    used 11312K, committed 11584K, reserved 1048576K
}
Event: 2205.635 GC heap before
{Heap before GC invocations=77 (full 5):
 garbage-first heap   total 272384K, used 54916K [0x00000000c2200000, 0x0000000100000000)
  region size 1024K, 13 young (13312K), 4 survivors (4096K)
 Metaspace       used 86463K, committed 87040K, reserved 1130496K
  class space    used 11312K, committed 11584K, reserved 1048576K
}
Event: 2205.707 GC heap after
{Heap after GC invocations=78 (full 5):
 garbage-first heap   total 272384K, used 46177K [0x00000000c2200000, 0x0000000100000000)
  region size 1024K, 1 young (1024K), 1 survivors (1024K)
 Metaspace       used 86463K, committed 87040K, reserved 1130496K
  class space    used 11312K, committed 11584K, reserved 1048576K
}
Event: 2502.690 GC heap before
{Heap before GC invocations=78 (full 5):
 garbage-first heap   total 272384K, used 77921K [0x00000000c2200000, 0x0000000100000000)
  region size 1024K, 32 young (32768K), 1 survivors (1024K)
 Metaspace       used 86473K, committed 87040K, reserved 1130496K
  class space    used 11314K, committed 11584K, reserved 1048576K
}
Event: 2502.751 GC heap after
{Heap after GC invocations=79 (full 5):
 garbage-first heap   total 272384K, used 45914K [0x00000000c2200000, 0x0000000100000000)
  region size 1024K, 1 young (1024K), 1 survivors (1024K)
 Metaspace       used 86473K, committed 87040K, reserved 1130496K
  class space    used 11314K, committed 11584K, reserved 1048576K
}
Event: 2732.421 GC heap before
{Heap before GC invocations=79 (full 5):
 garbage-first heap   total 272384K, used 99162K [0x00000000c2200000, 0x0000000100000000)
  region size 1024K, 54 young (55296K), 1 survivors (1024K)
 Metaspace       used 86848K, committed 87424K, reserved 1130496K
  class space    used 11367K, committed 11648K, reserved 1048576K
}
Event: 2734.862 GC heap after
{Heap after GC invocations=80 (full 5):
 garbage-first heap   total 272384K, used 46096K [0x00000000c2200000, 0x0000000100000000)
  region size 1024K, 1 young (1024K), 1 survivors (1024K)
 Metaspace       used 86848K, committed 87424K, reserved 1130496K
  class space    used 11367K, committed 11648K, reserved 1048576K
}
Event: 2855.776 GC heap before
{Heap before GC invocations=80 (full 5):
 garbage-first heap   total 272384K, used 58384K [0x00000000c2200000, 0x0000000100000000)
  region size 1024K, 13 young (13312K), 1 survivors (1024K)
 Metaspace       used 86848K, committed 87424K, reserved 1130496K
  class space    used 11367K, committed 11648K, reserved 1048576K
}
Event: 2857.013 GC heap after
{Heap after GC invocations=81 (full 5):
 garbage-first heap   total 272384K, used 46009K [0x00000000c2200000, 0x0000000100000000)
  region size 1024K, 1 young (1024K), 1 survivors (1024K)
 Metaspace       used 86848K, committed 87424K, reserved 1130496K
  class space    used 11367K, committed 11648K, reserved 1048576K
}
Event: 2878.835 GC heap before
{Heap before GC invocations=81 (full 5):
 garbage-first heap   total 272384K, used 47033K [0x00000000c2200000, 0x0000000100000000)
  region size 1024K, 3 young (3072K), 1 survivors (1024K)
 Metaspace       used 86851K, committed 87424K, reserved 1130496K
  class space    used 11368K, committed 11648K, reserved 1048576K
}
Event: 2897.019 GC heap after
{Heap after GC invocations=82 (full 6):
 garbage-first heap   total 122880K, used 35652K [0x00000000c2200000, 0x0000000100000000)
  region size 1024K, 0 young (0K), 0 survivors (0K)
 Metaspace       used 86661K, committed 87424K, reserved 1130496K
  class space    used 11336K, committed 11648K, reserved 1048576K
}
Event: 2905.299 GC heap before
{Heap before GC invocations=82 (full 6):
 garbage-first heap   total 122880K, used 40772K [0x00000000c2200000, 0x0000000100000000)
  region size 1024K, 6 young (6144K), 0 survivors (0K)
 Metaspace       used 86672K, committed 87424K, reserved 1130496K
  class space    used 11338K, committed 11648K, reserved 1048576K
}
Event: 2905.354 GC heap after
{Heap after GC invocations=83 (full 6):
 garbage-first heap   total 122880K, used 36594K [0x00000000c2200000, 0x0000000100000000)
  region size 1024K, 1 young (1024K), 1 survivors (1024K)
 Metaspace       used 86672K, committed 87424K, reserved 1130496K
  class space    used 11338K, committed 11648K, reserved 1048576K
}
Event: 2905.881 GC heap before
{Heap before GC invocations=83 (full 6):
 garbage-first heap   total 122880K, used 41714K [0x00000000c2200000, 0x0000000100000000)
  region size 1024K, 6 young (6144K), 1 survivors (1024K)
 Metaspace       used 86673K, committed 87424K, reserved 1130496K
  class space    used 11338K, committed 11648K, reserved 1048576K
}
Event: 2905.912 GC heap after
{Heap after GC invocations=84 (full 6):
 garbage-first heap   total 122880K, used 37091K [0x00000000c2200000, 0x0000000100000000)
  region size 1024K, 1 young (1024K), 1 survivors (1024K)
 Metaspace       used 86673K, committed 87424K, reserved 1130496K
  class space    used 11338K, committed 11648K, reserved 1048576K
}
Event: 2906.596 GC heap before
{Heap before GC invocations=84 (full 6):
 garbage-first heap   total 122880K, used 42211K [0x00000000c2200000, 0x0000000100000000)
  region size 1024K, 6 young (6144K), 1 survivors (1024K)
 Metaspace       used 86870K, committed 87424K, reserved 1130496K
  class space    used 11360K, committed 11648K, reserved 1048576K
}
Event: 2907.037 GC heap after
{Heap after GC invocations=85 (full 6):
 garbage-first heap   total 122880K, used 37560K [0x00000000c2200000, 0x0000000100000000)
  region size 1024K, 1 young (1024K), 1 survivors (1024K)
 Metaspace       used 86870K, committed 87424K, reserved 1130496K
  class space    used 11360K, committed 11648K, reserved 1048576K
}
Event: 2907.413 GC heap before
{Heap before GC invocations=85 (full 6):
 garbage-first heap   total 122880K, used 42680K [0x00000000c2200000, 0x0000000100000000)
  region size 1024K, 6 young (6144K), 1 survivors (1024K)
 Metaspace       used 86880K, committed 87424K, reserved 1130496K
  class space    used 11362K, committed 11648K, reserved 1048576K
}
Event: 2907.455 GC heap after
{Heap after GC invocations=86 (full 6):
 garbage-first heap   total 122880K, used 37886K [0x00000000c2200000, 0x0000000100000000)
  region size 1024K, 1 young (1024K), 1 survivors (1024K)
 Metaspace       used 86880K, committed 87424K, reserved 1130496K
  class space    used 11362K, committed 11648K, reserved 1048576K
}
Event: 2907.744 GC heap before
{Heap before GC invocations=86 (full 6):
 garbage-first heap   total 122880K, used 43006K [0x00000000c2200000, 0x0000000100000000)
  region size 1024K, 6 young (6144K), 1 survivors (1024K)
 Metaspace       used 86880K, committed 87424K, reserved 1130496K
  class space    used 11362K, committed 11648K, reserved 1048576K
}

